This is pdfTeX, Version 3.1415926-2.5-1.40.14 (TeX Live 2013) (format=etex 2013.10.13)  6 NOV 2013 21:02
entering extended mode
 restricted \write18 enabled.
 file:line:error style messages enabled.
 %&-line parsing enabled.
**\nonstopmode \input ./nettle.texinfo
(./nettle.texinfo (./texinfo.tex Loading texinfo [version 2009-03-22.17]:
\bindingoffset=\dimen16
\normaloffset=\dimen17
\pagewidth=\dimen18
\pageheight=\dimen19
\outerhsize=\dimen20
\outervsize=\dimen21
\cornerlong=\dimen22
\cornerthick=\dimen23
\topandbottommargin=\dimen24
\headlinebox=\box16
\footlinebox=\box17
\margin=\insert252
\EMsimple=\toks13
\groupbox=\box18
\groupinvalidhelp=\toks14
\mil=\dimen25
\exdentamount=\skip18
\inmarginspacing=\skip19
 pdf,
\tempnum=\count27
\lnkcount=\count28
\filename=\toks15
\filenamelength=\count29
\pgn=\count30
\toksA=\toks16
\toksB=\toks17
\toksC=\toks18
\toksD=\toks19
\boxA=\box19
\countA=\count31
\nopdfimagehelp=\toks20

fonts,
\sffam=\fam8
\textleading=\dimen26
 markup,
\fontdepth=\count32
 glyphs,
\errorbox=\box20
 page headings,
\titlepagetopglue=\skip20
\titlepagebottomglue=\skip21
\evenheadline=\toks21
\oddheadline=\toks22
\evenfootline=\toks23
\oddfootline=\toks24
 tables,
\tableindent=\dimen27
\itemindent=\dimen28
\itemmargin=\dimen29
\itemmax=\dimen30
\itemno=\count33
\multitableparskip=\skip22
\multitableparindent=\skip23
\multitablecolspace=\dimen31
\multitablelinespace=\skip24
\colcount=\count34
\everytab=\toks25
 conditionals,
\doignorecount=\count35
 indexing,
\whatsitskip=\skip25
\whatsitpenalty=\count36
\secondaryindent=\skip26
\partialpage=\box21
\doublecolumnhsize=\dimen32

sectioning,
\unnumberedno=\count37
\chapno=\count38
\secno=\count39
\subsecno=\count40
\subsubsecno=\count41
\appendixno=\count42
\absseclevel=\count43
\secbase=\count44
\chapheadingskip=\skip27
\secheadingskip=\skip28
\subsecheadingskip=\skip29
 toc,
\tocfile=\write0
\contentsrightmargin=\skip30
\savepageno=\count45
\lastnegativepageno=\count46
\tocindent=\dimen33
 environments,
\lispnarrowing=\skip31
\envskipamount=\skip32
\circthick=\dimen34
\cartouter=\dimen35
\cartinner=\dimen36
\normbskip=\skip33
\normpskip=\skip34
\normlskip=\skip35
\lskip=\skip36
\rskip=\skip37
\nonfillparindent=\dimen37
\tabw=\dimen38
 defuns,
\defbodyindent=\skip38
\defargsindent=\skip39
\deflastargmargin=\skip40
\defunpenalty=\count47
\parencount=\count48
\brackcount=\count49
 macros,
\paramno=\count50
\macname=\toks26
 cross references,
\auxfile=\write1
\savesfregister=\count51
 insertions,
\footnoteno=\count52
\SAVEfootins=\box22
\SAVEmargin=\box23

(/usr/texlive/2013/texmf-dist/tex/generic/epsf/epsf.tex
This is `epsf.tex' v2.7.4 <14 February 2011>
\epsffilein=\read1
\epsfframemargin=\dimen39
\epsfframethickness=\dimen40
\epsfrsize=\dimen41
\epsftmp=\dimen42
\epsftsize=\dimen43
\epsfxsize=\dimen44
\epsfysize=\dimen45
\pspoints=\dimen46
)
\noepsfhelp=\toks27
 localization,
\nolanghelp=\toks28
\countUTFx=\count53
\countUTFy=\count54
\countUTFz=\count55
 formatting,
\defaultparindent=\dimen47
 and turning on texinfo input format.) (./nettle.aux)
\openout1 = `nettle.aux'.

@cpindfile=@write2
@fnindfile=@write3
@vrindfile=@write4
@tpindfile=@write5
@kyindfile=@write6
@pgindfile=@write7
  defining Unicode char U+00A0 (decimal 160)
  defining Unicode char U+00A1 (decimal 161)
  defining Unicode char U+00A3 (decimal 163)
  defining Unicode char U+00A8 (decimal 168)
  defining Unicode char U+00A9 (decimal 169)
  defining Unicode char U+00AA (decimal 170)
  defining Unicode char U+00AB (decimal 171)
  defining Unicode char U+00AD (decimal 173)
  defining Unicode char U+00AE (decimal 174)
  defining Unicode char U+00AF (decimal 175)
  defining Unicode char U+00B0 (decimal 176)
  defining Unicode char U+00B4 (decimal 180)
  defining Unicode char U+00B8 (decimal 184)
  defining Unicode char U+00BA (decimal 186)
  defining Unicode char U+00BB (decimal 187)
  defining Unicode char U+00BF (decimal 191)
  defining Unicode char U+00C0 (decimal 192)
  defining Unicode char U+00C1 (decimal 193)
  defining Unicode char U+00C2 (decimal 194)
  defining Unicode char U+00C3 (decimal 195)
  defining Unicode char U+00C4 (decimal 196)
  defining Unicode char U+00C5 (decimal 197)
  defining Unicode char U+00C6 (decimal 198)
  defining Unicode char U+00C7 (decimal 199)
  defining Unicode char U+00C8 (decimal 200)
  defining Unicode char U+00C9 (decimal 201)
  defining Unicode char U+00CA (decimal 202)
  defining Unicode char U+00CB (decimal 203)
  defining Unicode char U+00CC (decimal 204)
  defining Unicode char U+00CD (decimal 205)
  defining Unicode char U+00CE (decimal 206)
  defining Unicode char U+00CF (decimal 207)
  defining Unicode char U+00D0 (decimal 208)
  defining Unicode char U+00D1 (decimal 209)
  defining Unicode char U+00D2 (decimal 210)
  defining Unicode char U+00D3 (decimal 211)
  defining Unicode char U+00D4 (decimal 212)
  defining Unicode char U+00D5 (decimal 213)
  defining Unicode char U+00D6 (decimal 214)
  defining Unicode char U+00D8 (decimal 216)
  defining Unicode char U+00D9 (decimal 217)
  defining Unicode char U+00DA (decimal 218)
  defining Unicode char U+00DB (decimal 219)
  defining Unicode char U+00DC (decimal 220)
  defining Unicode char U+00DD (decimal 221)
  defining Unicode char U+00DE (decimal 222)
  defining Unicode char U+00DF (decimal 223)
  defining Unicode char U+00E0 (decimal 224)
  defining Unicode char U+00E1 (decimal 225)
  defining Unicode char U+00E2 (decimal 226)
  defining Unicode char U+00E3 (decimal 227)
  defining Unicode char U+00E4 (decimal 228)
  defining Unicode char U+00E5 (decimal 229)
  defining Unicode char U+00E6 (decimal 230)
  defining Unicode char U+00E7 (decimal 231)
  defining Unicode char U+00E8 (decimal 232)
  defining Unicode char U+00E9 (decimal 233)
  defining Unicode char U+00EA (decimal 234)
  defining Unicode char U+00EB (decimal 235)
  defining Unicode char U+00EC (decimal 236)
  defining Unicode char U+00ED (decimal 237)
  defining Unicode char U+00EE (decimal 238)
  defining Unicode char U+00EF (decimal 239)
  defining Unicode char U+00F0 (decimal 240)
  defining Unicode char U+00F1 (decimal 241)
  defining Unicode char U+00F2 (decimal 242)
  defining Unicode char U+00F3 (decimal 243)
  defining Unicode char U+00F4 (decimal 244)
  defining Unicode char U+00F5 (decimal 245)
  defining Unicode char U+00F6 (decimal 246)
  defining Unicode char U+00F8 (decimal 248)
  defining Unicode char U+00F9 (decimal 249)
  defining Unicode char U+00FA (decimal 250)
  defining Unicode char U+00FB (decimal 251)
  defining Unicode char U+00FC (decimal 252)
  defining Unicode char U+00FD (decimal 253)
  defining Unicode char U+00FE (decimal 254)
  defining Unicode char U+00FF (decimal 255)
  defining Unicode char U+0100 (decimal 256)
  defining Unicode char U+0101 (decimal 257)
  defining Unicode char U+0102 (decimal 258)
  defining Unicode char U+0103 (decimal 259)
  defining Unicode char U+0104 (decimal 260)
  defining Unicode char U+0105 (decimal 261)
  defining Unicode char U+0106 (decimal 262)
  defining Unicode char U+0107 (decimal 263)
  defining Unicode char U+0108 (decimal 264)
  defining Unicode char U+0109 (decimal 265)
  defining Unicode char U+0118 (decimal 280)
  defining Unicode char U+0119 (decimal 281)
  defining Unicode char U+010A (decimal 266)
  defining Unicode char U+010B (decimal 267)
  defining Unicode char U+010C (decimal 268)
  defining Unicode char U+010D (decimal 269)
  defining Unicode char U+010E (decimal 270)
  defining Unicode char U+0112 (decimal 274)
  defining Unicode char U+0113 (decimal 275)
  defining Unicode char U+0114 (decimal 276)
  defining Unicode char U+0115 (decimal 277)
  defining Unicode char U+0116 (decimal 278)
  defining Unicode char U+0117 (decimal 279)
  defining Unicode char U+011A (decimal 282)
  defining Unicode char U+011B (decimal 283)
  defining Unicode char U+011C (decimal 284)
  defining Unicode char U+011D (decimal 285)
  defining Unicode char U+011E (decimal 286)
  defining Unicode char U+011F (decimal 287)
  defining Unicode char U+0120 (decimal 288)
  defining Unicode char U+0121 (decimal 289)
  defining Unicode char U+0124 (decimal 292)
  defining Unicode char U+0125 (decimal 293)
  defining Unicode char U+0128 (decimal 296)
  defining Unicode char U+0129 (decimal 297)
  defining Unicode char U+012A (decimal 298)
  defining Unicode char U+012B (decimal 299)
  defining Unicode char U+012C (decimal 300)
  defining Unicode char U+012D (decimal 301)
  defining Unicode char U+0130 (decimal 304)
  defining Unicode char U+0131 (decimal 305)
  defining Unicode char U+0132 (decimal 306)
  defining Unicode char U+0133 (decimal 307)
  defining Unicode char U+0134 (decimal 308)
  defining Unicode char U+0135 (decimal 309)
  defining Unicode char U+0139 (decimal 313)
  defining Unicode char U+013A (decimal 314)
  defining Unicode char U+0141 (decimal 321)
  defining Unicode char U+0142 (decimal 322)
  defining Unicode char U+0143 (decimal 323)
  defining Unicode char U+0144 (decimal 324)
  defining Unicode char U+0147 (decimal 327)
  defining Unicode char U+0148 (decimal 328)
  defining Unicode char U+014C (decimal 332)
  defining Unicode char U+014D (decimal 333)
  defining Unicode char U+014E (decimal 334)
  defining Unicode char U+014F (decimal 335)
  defining Unicode char U+0150 (decimal 336)
  defining Unicode char U+0151 (decimal 337)
  defining Unicode char U+0152 (decimal 338)
  defining Unicode char U+0153 (decimal 339)
  defining Unicode char U+0154 (decimal 340)
  defining Unicode char U+0155 (decimal 341)
  defining Unicode char U+0158 (decimal 344)
  defining Unicode char U+0159 (decimal 345)
  defining Unicode char U+015A (decimal 346)
  defining Unicode char U+015B (decimal 347)
  defining Unicode char U+015C (decimal 348)
  defining Unicode char U+015D (decimal 349)
  defining Unicode char U+015E (decimal 350)
  defining Unicode char U+015F (decimal 351)
  defining Unicode char U+0160 (decimal 352)
  defining Unicode char U+0161 (decimal 353)
  defining Unicode char U+0162 (decimal 354)
  defining Unicode char U+0163 (decimal 355)
  defining Unicode char U+0164 (decimal 356)
  defining Unicode char U+0168 (decimal 360)
  defining Unicode char U+0169 (decimal 361)
  defining Unicode char U+016A (decimal 362)
  defining Unicode char U+016B (decimal 363)
  defining Unicode char U+016C (decimal 364)
  defining Unicode char U+016D (decimal 365)
  defining Unicode char U+016E (decimal 366)
  defining Unicode char U+016F (decimal 367)
  defining Unicode char U+0170 (decimal 368)
  defining Unicode char U+0171 (decimal 369)
  defining Unicode char U+0174 (decimal 372)
  defining Unicode char U+0175 (decimal 373)
  defining Unicode char U+0176 (decimal 374)
  defining Unicode char U+0177 (decimal 375)
  defining Unicode char U+0178 (decimal 376)
  defining Unicode char U+0179 (decimal 377)
  defining Unicode char U+017A (decimal 378)
  defining Unicode char U+017B (decimal 379)
  defining Unicode char U+017C (decimal 380)
  defining Unicode char U+017D (decimal 381)
  defining Unicode char U+017E (decimal 382)
  defining Unicode char U+01C4 (decimal 452)
  defining Unicode char U+01C5 (decimal 453)
  defining Unicode char U+01C6 (decimal 454)
  defining Unicode char U+01C7 (decimal 455)
  defining Unicode char U+01C8 (decimal 456)
  defining Unicode char U+01C9 (decimal 457)
  defining Unicode char U+01CA (decimal 458)
  defining Unicode char U+01CB (decimal 459)
  defining Unicode char U+01CC (decimal 460)
  defining Unicode char U+01CD (decimal 461)
  defining Unicode char U+01CE (decimal 462)
  defining Unicode char U+01CF (decimal 463)
  defining Unicode char U+01D0 (decimal 464)
  defining Unicode char U+01D1 (decimal 465)
  defining Unicode char U+01D2 (decimal 466)
  defining Unicode char U+01D3 (decimal 467)
  defining Unicode char U+01D4 (decimal 468)
  defining Unicode char U+01E2 (decimal 482)
  defining Unicode char U+01E3 (decimal 483)
  defining Unicode char U+01E6 (decimal 486)
  defining Unicode char U+01E7 (decimal 487)
  defining Unicode char U+01E8 (decimal 488)
  defining Unicode char U+01E9 (decimal 489)
  defining Unicode char U+01F0 (decimal 496)
  defining Unicode char U+01F1 (decimal 497)
  defining Unicode char U+01F2 (decimal 498)
  defining Unicode char U+01F3 (decimal 499)
  defining Unicode char U+01F4 (decimal 500)
  defining Unicode char U+01F5 (decimal 501)
  defining Unicode char U+01F8 (decimal 504)
  defining Unicode char U+01F9 (decimal 505)
  defining Unicode char U+01FC (decimal 508)
  defining Unicode char U+01FD (decimal 509)
  defining Unicode char U+01FE (decimal 510)
  defining Unicode char U+01FF (decimal 511)
  defining Unicode char U+021E (decimal 542)
  defining Unicode char U+021F (decimal 543)
  defining Unicode char U+0226 (decimal 550)
  defining Unicode char U+0227 (decimal 551)
  defining Unicode char U+0228 (decimal 552)
  defining Unicode char U+0229 (decimal 553)
  defining Unicode char U+022E (decimal 558)
  defining Unicode char U+022F (decimal 559)
  defining Unicode char U+0232 (decimal 562)
  defining Unicode char U+0233 (decimal 563)
  defining Unicode char U+0237 (decimal 567)
  defining Unicode char U+02DB (decimal 731)
  defining Unicode char U+1E02 (decimal 7682)
  defining Unicode char U+1E03 (decimal 7683)
  defining Unicode char U+1E04 (decimal 7684)
  defining Unicode char U+1E05 (decimal 7685)
  defining Unicode char U+1E06 (decimal 7686)
  defining Unicode char U+1E07 (decimal 7687)
  defining Unicode char U+1E0A (decimal 7690)
  defining Unicode char U+1E0B (decimal 7691)
  defining Unicode char U+1E0C (decimal 7692)
  defining Unicode char U+1E0D (decimal 7693)
  defining Unicode char U+1E0E (decimal 7694)
  defining Unicode char U+1E0F (decimal 7695)
  defining Unicode char U+1E1E (decimal 7710)
  defining Unicode char U+1E1F (decimal 7711)
  defining Unicode char U+1E20 (decimal 7712)
  defining Unicode char U+1E21 (decimal 7713)
  defining Unicode char U+1E22 (decimal 7714)
  defining Unicode char U+1E23 (decimal 7715)
  defining Unicode char U+1E24 (decimal 7716)
  defining Unicode char U+1E25 (decimal 7717)
  defining Unicode char U+1E26 (decimal 7718)
  defining Unicode char U+1E27 (decimal 7719)
  defining Unicode char U+1E30 (decimal 7728)
  defining Unicode char U+1E31 (decimal 7729)
  defining Unicode char U+1E32 (decimal 7730)
  defining Unicode char U+1E33 (decimal 7731)
  defining Unicode char U+1E34 (decimal 7732)
  defining Unicode char U+1E35 (decimal 7733)
  defining Unicode char U+1E36 (decimal 7734)
  defining Unicode char U+1E37 (decimal 7735)
  defining Unicode char U+1E3A (decimal 7738)
  defining Unicode char U+1E3B (decimal 7739)
  defining Unicode char U+1E3E (decimal 7742)
  defining Unicode char U+1E3F (decimal 7743)
  defining Unicode char U+1E40 (decimal 7744)
  defining Unicode char U+1E41 (decimal 7745)
  defining Unicode char U+1E42 (decimal 7746)
  defining Unicode char U+1E43 (decimal 7747)
  defining Unicode char U+1E44 (decimal 7748)
  defining Unicode char U+1E45 (decimal 7749)
  defining Unicode char U+1E46 (decimal 7750)
  defining Unicode char U+1E47 (decimal 7751)
  defining Unicode char U+1E48 (decimal 7752)
  defining Unicode char U+1E49 (decimal 7753)
  defining Unicode char U+1E54 (decimal 7764)
  defining Unicode char U+1E55 (decimal 7765)
  defining Unicode char U+1E56 (decimal 7766)
  defining Unicode char U+1E57 (decimal 7767)
  defining Unicode char U+1E58 (decimal 7768)
  defining Unicode char U+1E59 (decimal 7769)
  defining Unicode char U+1E5A (decimal 7770)
  defining Unicode char U+1E5B (decimal 7771)
  defining Unicode char U+1E5E (decimal 7774)
  defining Unicode char U+1E5F (decimal 7775)
  defining Unicode char U+1E60 (decimal 7776)
  defining Unicode char U+1E61 (decimal 7777)
  defining Unicode char U+1E62 (decimal 7778)
  defining Unicode char U+1E63 (decimal 7779)
  defining Unicode char U+1E6A (decimal 7786)
  defining Unicode char U+1E6B (decimal 7787)
  defining Unicode char U+1E6C (decimal 7788)
  defining Unicode char U+1E6D (decimal 7789)
  defining Unicode char U+1E6E (decimal 7790)
  defining Unicode char U+1E6F (decimal 7791)
  defining Unicode char U+1E7C (decimal 7804)
  defining Unicode char U+1E7D (decimal 7805)
  defining Unicode char U+1E7E (decimal 7806)
  defining Unicode char U+1E7F (decimal 7807)
  defining Unicode char U+1E80 (decimal 7808)
  defining Unicode char U+1E81 (decimal 7809)
  defining Unicode char U+1E82 (decimal 7810)
  defining Unicode char U+1E83 (decimal 7811)
  defining Unicode char U+1E84 (decimal 7812)
  defining Unicode char U+1E85 (decimal 7813)
  defining Unicode char U+1E86 (decimal 7814)
  defining Unicode char U+1E87 (decimal 7815)
  defining Unicode char U+1E88 (decimal 7816)
  defining Unicode char U+1E89 (decimal 7817)
  defining Unicode char U+1E8A (decimal 7818)
  defining Unicode char U+1E8B (decimal 7819)
  defining Unicode char U+1E8C (decimal 7820)
  defining Unicode char U+1E8D (decimal 7821)
  defining Unicode char U+1E8E (decimal 7822)
  defining Unicode char U+1E8F (decimal 7823)
  defining Unicode char U+1E90 (decimal 7824)
  defining Unicode char U+1E91 (decimal 7825)
  defining Unicode char U+1E92 (decimal 7826)
  defining Unicode char U+1E93 (decimal 7827)
  defining Unicode char U+1E94 (decimal 7828)
  defining Unicode char U+1E95 (decimal 7829)
  defining Unicode char U+1E96 (decimal 7830)
  defining Unicode char U+1E97 (decimal 7831)
  defining Unicode char U+1E98 (decimal 7832)
  defining Unicode char U+1E99 (decimal 7833)
  defining Unicode char U+1EA0 (decimal 7840)
  defining Unicode char U+1EA1 (decimal 7841)
  defining Unicode char U+1EB8 (decimal 7864)
  defining Unicode char U+1EB9 (decimal 7865)
  defining Unicode char U+1EBC (decimal 7868)
  defining Unicode char U+1EBD (decimal 7869)
  defining Unicode char U+1ECA (decimal 7882)
  defining Unicode char U+1ECB (decimal 7883)
  defining Unicode char U+1ECC (decimal 7884)
  defining Unicode char U+1ECD (decimal 7885)
  defining Unicode char U+1EE4 (decimal 7908)
  defining Unicode char U+1EE5 (decimal 7909)
  defining Unicode char U+1EF2 (decimal 7922)
  defining Unicode char U+1EF3 (decimal 7923)
  defining Unicode char U+1EF4 (decimal 7924)
  defining Unicode char U+1EF8 (decimal 7928)
  defining Unicode char U+1EF9 (decimal 7929)
  defining Unicode char U+2013 (decimal 8211)
  defining Unicode char U+2014 (decimal 8212)
  defining Unicode char U+2018 (decimal 8216)
  defining Unicode char U+2019 (decimal 8217)
  defining Unicode char U+201A (decimal 8218)
  defining Unicode char U+201C (decimal 8220)
  defining Unicode char U+201D (decimal 8221)
  defining Unicode char U+201E (decimal 8222)
  defining Unicode char U+2022 (decimal 8226)
  defining Unicode char U+2026 (decimal 8230)
  defining Unicode char U+2039 (decimal 8249)
  defining Unicode char U+203A (decimal 8250)
  defining Unicode char U+20AC (decimal 8364)
  defining Unicode char U+2192 (decimal 8594)
  defining Unicode char U+21D2 (decimal 8658)
  defining Unicode char U+2212 (decimal 8722)
  defining Unicode char U+2217 (decimal 8727)
  defining Unicode char U+2261 (decimal 8801)
 [1
\openout2 = `nettle.cp'.

\openout3 = `nettle.fn'.

\openout4 = `nettle.vr'.

\openout5 = `nettle.tp'.

\openout6 = `nettle.ky'.

\openout7 = `nettle.pg'.

] [2] (./nettle.toc [-1]) [-2] Chapter 1
\openout0 = `nettle.toc'.

 Chapter 2 [1] [2] Chapter 3
[3] Chapter 4 [4] (./sha-example.c) [5] Chapter 5 [6] Chapter 6 [7] [8]
[9] [10] [11] [12] [13] [14] [15] [16] [17] [18] [19]
Underfull \hbox (badness 2653) in paragraph at lines 1218--1222
 @texttt length, key, 8*length)[]@textrm , and @texttt arctwo_set_key_gutmann(c
tx, length, key)[] @textrm is

@hbox(7.60416+2.43333)x433.62, glue set 2.98326
.@glue(@leftskip) 28.90755
.@texttt l
.@texttt e
.@texttt n
.@texttt g
.etc.

[20] [21] [22] [23] [24] [25]
Underfull \hbox (badness 10000) in paragraph at lines 1572--1578
@texttt http://www.ecrypt.eu.org/stream/finallist.html[]@textrm . Net-tle calls
 this vari-ant

@hbox(7.60416+2.43333)x433.62, glue set 4.46414
.@texttt h
.@texttt t
.@texttt t
.@texttt p
.@texttt :
.etc.

[26] [27] [28] [29] [30]
Underfull \hbox (badness 2197) in paragraph at lines 1922--1932
@textrm per-for-mance for hard-ware im-ple-men-ta-tions, where other pop-u-lar 
@reducedrm MAC @textrm al-go-rithms

@hbox(7.60416+2.12917)x433.62, glue set 2.80182
.@textrm p
.@kern0.30417
.@textrm e
.@textrm r
.@discretionary
..@textrm -
.etc.


Underfull \hbox (badness 3679) in paragraph at lines 1922--1932
@textrm (@texttt http://csrc.nist.gov/publications/nistpubs/800-38D/SP-800-38D.
pdf[]@textrm ). It is

@hbox(8.2125+2.73749)x433.62, glue set 3.32973
.@textrm (
.@texttt h
.@texttt t
.@texttt t
.@texttt p
.etc.

[31] [32] [33] [34]
Underfull \hbox (badness 10000) in paragraph at lines 2183--2187
 @texttt hmac_update(state, H, length, data)[] @textrm is equiv-a-lent to @text
tt H->update(state,

@hbox(7.60416+2.43333)x433.62, glue set 5.17381
.@glue(@leftskip) 28.90755
.@texttt h
.@texttt m
.@texttt a
.@texttt c
.etc.

[35] [36] [37] [38] [39] [40] [41] [42] [43] [44] [45] [46] [47] [48] [49]
[50] [51] [52] [53] [54] [55] [56] [57] [58]
Underfull \hbox (badness 2343) in paragraph at lines 3743--3754
@texttt des_ede2_cbc_encrypt[]@textrm , @texttt des_ede3_cbc_encrypt[]@textrm ,
 @texttt des_is_weak_key[]@textrm , @texttt des_key_sched[]@textrm ,

@hbox(6.69167+2.43333)x433.62, glue set 2.86285
.@texttt d
.@texttt e
.@texttt s
.@texttt _
.@discretionary
.etc.

Chapter 7 [59] Chapter 8 [60] (Function and Concept Index) [61] (./nettle.cps
[62] [63]) [64] ) 
Here is how much of TeX's memory you used:
 2086 strings out of 494881
 21979 string characters out of 6155128
 76314 words of memory out of 5000000
 3662 multiletter control sequences out of 15000+600000
 32127 words of font info for 112 fonts, out of 8000000 for 9000
 1273 hyphenation exceptions out of 8191
 12i,5n,16p,329b,506s stack positions out of 5000i,500n,10000p,200000b,80000s

Output written on nettle.dvi (68 pages, 315828 bytes).
